This is pdfTeX, Version 3.141592653-2.6-1.40.22 (TeX Live 2021) (preloaded format=pdflatex 2021.4.22)  5 JAN 2022 23:07
entering extended mode
 restricted \write18 enabled.
 file:line:error style messages enabled.
 %&-line parsing enabled.
**GuitartTeX2-documentation_en.tex
(./GuitartTeX2-documentation_en.tex
LaTeX2e <2020-10-01> patch level 4
L3 programming layer <2021-02-18>
(/usr/local/texlive/2021/texmf-dist/tex/latex/base/article.cls
Document Class: article 2020/04/10 v1.4m Standard LaTeX document class
(/usr/local/texlive/2021/texmf-dist/tex/latex/base/size12.clo
File: size12.clo 2020/04/10 v1.4m Standard LaTeX file (size option)
)
\c@part=\count179
\c@section=\count180
\c@subsection=\count181
\c@subsubsection=\count182
\c@paragraph=\count183
\c@subparagraph=\count184
\c@figure=\count185
\c@table=\count186
\abovecaptionskip=\skip47
\belowcaptionskip=\skip48
\bibindent=\dimen138
)
(/usr/local/texlive/2021/texmf-dist/tex/latex/base/inputenc.sty
Package: inputenc 2020/08/01 v1.3d Input encoding file
\inpenc@prehook=\toks15
\inpenc@posthook=\toks16

(/usr/local/texlive/2021/texmf-dist/tex/latex/base/latin1.def
File: latin1.def 2020/08/01 v1.3d Input encoding file
))
(/usr/local/texlive/2021/texmf-dist/tex/latex/amsmath/amsmath.sty
Package: amsmath 2020/09/23 v2.17i AMS math features
\@mathmargin=\skip49

For additional information on amsmath, use the `?' option.
(/usr/local/texlive/2021/texmf-dist/tex/latex/amsmath/amstext.sty
Package: amstext 2000/06/29 v2.01 AMS text

(/usr/local/texlive/2021/texmf-dist/tex/latex/amsmath/amsgen.sty
File: amsgen.sty 1999/11/30 v2.0 generic functions
\@emptytoks=\toks17
\ex@=\dimen139
))
(/usr/local/texlive/2021/texmf-dist/tex/latex/amsmath/amsbsy.sty
Package: amsbsy 1999/11/29 v1.2d Bold Symbols
\pmbraise@=\dimen140
)
(/usr/local/texlive/2021/texmf-dist/tex/latex/amsmath/amsopn.sty
Package: amsopn 2016/03/08 v2.02 operator names
)
\inf@bad=\count187
LaTeX Info: Redefining \frac on input line 234.
\uproot@=\count188
\leftroot@=\count189
LaTeX Info: Redefining \overline on input line 399.
\classnum@=\count190
\DOTSCASE@=\count191
LaTeX Info: Redefining \ldots on input line 496.
LaTeX Info: Redefining \dots on input line 499.
LaTeX Info: Redefining \cdots on input line 620.
\Mathstrutbox@=\box47
\strutbox@=\box48
\big@size=\dimen141
LaTeX Font Info:    Redeclaring font encoding OML on input line 743.
LaTeX Font Info:    Redeclaring font encoding OMS on input line 744.
\macc@depth=\count192
\c@MaxMatrixCols=\count193
\dotsspace@=\muskip16
\c@parentequation=\count194
\dspbrk@lvl=\count195
\tag@help=\toks18
\row@=\count196
\column@=\count197
\maxfields@=\count198
\andhelp@=\toks19
\eqnshift@=\dimen142
\alignsep@=\dimen143
\tagshift@=\dimen144
\tagwidth@=\dimen145
\totwidth@=\dimen146
\lineht@=\dimen147
\@envbody=\toks20
\multlinegap=\skip50
\multlinetaggap=\skip51
\mathdisplay@stack=\toks21
LaTeX Info: Redefining \[ on input line 2923.
LaTeX Info: Redefining \] on input line 2924.
)
(/usr/local/texlive/2021/texmf-dist/tex/generic/babel/babel.sty
Package: babel 2021/03/24 3.56 The Babel package

(/usr/local/texlive/2021/texmf-dist/tex/generic/babel/babel.def
File: babel.def 2021/03/24 3.56 Babel common definitions
\babel@savecnt=\count199
\U@D=\dimen148
\l@babelnohyphens=\language87

(/usr/local/texlive/2021/texmf-dist/tex/generic/babel/txtbabel.def)
\bbl@readstream=\read2
)
\bbl@dirlevel=\count266

(/usr/local/texlive/2021/texmf-dist/tex/generic/babel-english/english.ldf
Language: english 2017/06/06 v3.3r English support from the babel system
Package babel Info: \l@canadian = using hyphenrules for english
(babel)             (\language0) on input line 102.
Package babel Info: \l@australian = using hyphenrules for ukenglish
(babel)             (\language21) on input line 105.
Package babel Info: \l@newzealand = using hyphenrules for ukenglish
(babel)             (\language21) on input line 108.
))
(/usr/local/texlive/2021/texmf-dist/tex/latex/listings/listings.sty
(/usr/local/texlive/2021/texmf-dist/tex/latex/graphics/keyval.sty
Package: keyval 2014/10/28 v1.15 key=value parser (DPC)
\KV@toks@=\toks22
)
\lst@mode=\count267
\lst@gtempboxa=\box49
\lst@token=\toks23
\lst@length=\count268
\lst@currlwidth=\dimen149
\lst@column=\count269
\lst@pos=\count270
\lst@lostspace=\dimen150
\lst@width=\dimen151
\lst@newlines=\count271
\lst@lineno=\count272
\lst@maxwidth=\dimen152

(/usr/local/texlive/2021/texmf-dist/tex/latex/listings/lstmisc.sty
File: lstmisc.sty 2020/03/24 1.8d (Carsten Heinz)
\c@lstnumber=\count273
\lst@skipnumbers=\count274
\lst@framebox=\box50
)
(/usr/local/texlive/2021/texmf-dist/tex/latex/listings/listings.cfg
File: listings.cfg 2020/03/24 1.8d listings configuration
))
Package: listings 2020/03/24 1.8d (Carsten Heinz)

(/usr/local/texlive/2021/texmf-dist/tex/latex/tools/verbatim.sty
Package: verbatim 2020-07-07 v1.5u LaTeX2e package for verbatim enhancements
\every@verbatim=\toks24
\verbatim@line=\toks25
\verbatim@in@stream=\read3
)
(/usr/local/texlive/2021/texmf-dist/tex/latex/graphics/graphicx.sty
Package: graphicx 2020/09/09 v1.2b Enhanced LaTeX Graphics (DPC,SPQR)

(/usr/local/texlive/2021/texmf-dist/tex/latex/graphics/graphics.sty
Package: graphics 2020/08/30 v1.4c Standard LaTeX Graphics (DPC,SPQR)

(/usr/local/texlive/2021/texmf-dist/tex/latex/graphics/trig.sty
Package: trig 2016/01/03 v1.10 sin cos tan (DPC)
)
(/usr/local/texlive/2021/texmf-dist/tex/latex/graphics-cfg/graphics.cfg
File: graphics.cfg 2016/06/04 v1.11 sample graphics configuration
)
Package graphics Info: Driver file: pdftex.def on input line 105.

(/usr/local/texlive/2021/texmf-dist/tex/latex/graphics-def/pdftex.def
File: pdftex.def 2020/10/05 v1.2a Graphics/color driver for pdftex
))
\Gin@req@height=\dimen153
\Gin@req@width=\dimen154
)
(/usr/local/texlive/2021/texmf-dist/tex/latex/l3backend/l3backend-pdftex.def
File: l3backend-pdftex.def 2021-03-18 L3 backend support: PDF output (pdfTeX)
\l__color_backend_stack_int=\count275
\l__pdf_internal_box=\box51
)
(./GuitartTeX2-documentation_en.aux)
\openout1 = `GuitartTeX2-documentation_en.aux'.

LaTeX Font Info:    Checking defaults for OML/cmm/m/it on input line 12.
LaTeX Font Info:    ... okay on input line 12.
LaTeX Font Info:    Checking defaults for OMS/cmsy/m/n on input line 12.
LaTeX Font Info:    ... okay on input line 12.
LaTeX Font Info:    Checking defaults for OT1/cmr/m/n on input line 12.
LaTeX Font Info:    ... okay on input line 12.
LaTeX Font Info:    Checking defaults for T1/cmr/m/n on input line 12.
LaTeX Font Info:    ... okay on input line 12.
LaTeX Font Info:    Checking defaults for TS1/cmr/m/n on input line 12.
LaTeX Font Info:    ... okay on input line 12.
LaTeX Font Info:    Checking defaults for OMX/cmex/m/n on input line 12.
LaTeX Font Info:    ... okay on input line 12.
LaTeX Font Info:    Checking defaults for U/cmr/m/n on input line 12.
LaTeX Font Info:    ... okay on input line 12.
\c@lstlisting=\count276

(/usr/local/texlive/2021/texmf-dist/tex/context/base/mkii/supp-pdf.mkii
[Loading MPS to PDF converter (version 2006.09.02).]
\scratchcounter=\count277
\scratchdimen=\dimen155
\scratchbox=\box52
\nofMPsegments=\count278
\nofMParguments=\count279
\everyMPshowfont=\toks26
\MPscratchCnt=\count280
\MPscratchDim=\dimen156
\MPnumerator=\count281
\makeMPintoPDFobject=\count282
\everyMPtoPDFconversion=\toks27
) (/usr/local/texlive/2021/texmf-dist/tex/latex/epstopdf-pkg/epstopdf-base.sty
Package: epstopdf-base 2020-01-24 v2.11 Base part for package epstopdf
Package epstopdf-base Info: Redefining graphics rule for `.eps' on input line 4
85.

(/usr/local/texlive/2021/texmf-dist/tex/latex/latexconfig/epstopdf-sys.cfg
File: epstopdf-sys.cfg 2010/07/13 v1.3 Configuration of (r)epstopdf for TeX Liv
e
))
Underfull \hbox (badness 10000) in paragraph at lines 15--23

 []

LaTeX Font Info:    Trying to load font information for OMS+cmr on input line 5
2.
(/usr/local/texlive/2021/texmf-dist/tex/latex/base/omscmr.fd
File: omscmr.fd 2019/12/16 v2.5j Standard LaTeX font definitions
)
LaTeX Font Info:    Font shape `OMS/cmr/bx/n' in size <12> not available
(Font)              Font shape `OMS/cmsy/b/n' tried instead on input line 52.
<pics/example1.pdf, id=1, 614.295pt x 794.97pt>
File: pics/example1.pdf Graphic file (type pdf)
<use pics/example1.pdf>
Package pdftex.def Info: pics/example1.pdf  used on input line 73.
(pdftex.def)             Requested size: 429.00238pt x 555.1894pt.

Underfull \hbox (badness 10000) in paragraph at lines 49--78

 []


Underfull \hbox (badness 10000) in paragraph at lines 49--78

 []


Underfull \hbox (badness 10000) in paragraph at lines 49--78

 []


Underfull \hbox (badness 10000) in paragraph at lines 49--78

 []


Underfull \hbox (badness 10000) in paragraph at lines 49--78

 []


Overfull \hbox (39.00238pt too wide) in paragraph at lines 49--78
[] 
 []

[1

{/usr/local/texlive/2021/texmf-var/fonts/map/pdftex/updmap/pdftex.map}]
[2]
Overfull \vbox (6.6894pt too high) has occurred while \output is active []


[3 <./pics/example1.pdf>]
Overfull \hbox (31.3243pt too wide) in paragraph at lines 82--84
\OT1/cmr/m/n/12 Die ak-tuelle Ver-sion bekom-men Sie im-mer auf der Download-Se
ite des $\OML/cmm/m/it/12 GuitarTeX[]$\OT1/cmr/m/n/12 -
 []


Underfull \hbox (badness 10000) in paragraph at lines 101--108

 []


Overfull \hbox (12.74258pt too wide) in paragraph at lines 101--108
\OT1/cmr/m/n/12 ist im Homev-erze-ich-nis des Be-nutzers zu finden. Sie kann na
chtr^^?aglich ver^^?andert
 []

[4]
Underfull \hbox (badness 10000) in paragraph at lines 125--140

 []


Underfull \hbox (badness 10000) in paragraph at lines 125--140

 []


Underfull \hbox (badness 10000) in paragraph at lines 125--140

 []


Underfull \hbox (badness 10000) in paragraph at lines 125--140

 []


Underfull \hbox (badness 10000) in paragraph at lines 151--155

 []

[5]
Overfull \hbox (816.15584pt too wide) in paragraph at lines 173--205
[] 
 []

[6]
Underfull \hbox (badness 10000) in paragraph at lines 206--248

 []


Underfull \hbox (badness 10000) in paragraph at lines 206--248

 []


Underfull \hbox (badness 10000) in paragraph at lines 206--248

 []


Underfull \hbox (badness 10000) in paragraph at lines 206--248

 []


Underfull \hbox (badness 10000) in paragraph at lines 206--248

 []


Underfull \hbox (badness 10000) in paragraph at lines 206--248

 []


Underfull \hbox (badness 10000) in paragraph at lines 206--248

 []


Underfull \hbox (badness 10000) in paragraph at lines 206--248

 []


Underfull \hbox (badness 10000) in paragraph at lines 206--248

 []


Underfull \hbox (badness 10000) in paragraph at lines 206--248

 []


Underfull \hbox (badness 10000) in paragraph at lines 206--248

 []


Underfull \hbox (badness 10000) in paragraph at lines 206--248

 []


Underfull \hbox (badness 10000) in paragraph at lines 206--248

 []


Underfull \hbox (badness 10000) in paragraph at lines 206--248

 []


Underfull \hbox (badness 10000) in paragraph at lines 206--248

 []


Underfull \hbox (badness 10000) in paragraph at lines 206--248

 []


Underfull \hbox (badness 10000) in paragraph at lines 206--248

 []

[7]
Underfull \hbox (badness 10000) in paragraph at lines 250--257

 []


Underfull \hbox (badness 10000) in paragraph at lines 250--257

 []

[8]
Underfull \hbox (badness 10000) in paragraph at lines 258--264

 []


Underfull \hbox (badness 10000) in paragraph at lines 258--264

 []

LaTeX Font Info:    Font shape `OMS/cmr/m/n' in size <12> not available
(Font)              Font shape `OMS/cmsy/m/n' tried instead on input line 265.

Underfull \hbox (badness 10000) in paragraph at lines 265--276

 []


Underfull \hbox (badness 10000) in paragraph at lines 265--276

 []


Underfull \hbox (badness 10000) in paragraph at lines 277--288

 []


Underfull \hbox (badness 10000) in paragraph at lines 277--288

 []

[9]
Underfull \hbox (badness 10000) in paragraph at lines 294--297

 []

<pics/tabs1.pdf, id=206, 614.295pt x 794.97pt>
File: pics/tabs1.pdf Graphic file (type pdf)
<use pics/tabs1.pdf>
Package pdftex.def Info: pics/tabs1.pdf  used on input line 304.
(pdftex.def)             Requested size: 426.79134pt x 552.32666pt.

Overfull \hbox (36.79134pt too wide) in paragraph at lines 298--305
[] 
 []

[10]
Overfull \vbox (3.82666pt too high) has occurred while \output is active []


[11 <./pics/tabs1.pdf>]
Underfull \hbox (badness 10000) in paragraph at lines 310--317

 []


Underfull \hbox (badness 10000) in paragraph at lines 310--317

 []


Underfull \hbox (badness 10000) in paragraph at lines 310--317

 []


Underfull \hbox (badness 10000) in paragraph at lines 318--324

 []


Underfull \hbox (badness 10000) in paragraph at lines 338--343

 []

[12]
Underfull \hbox (badness 10000) in paragraph at lines 365--388

 []


Underfull \hbox (badness 10000) in paragraph at lines 365--388

 []


Underfull \hbox (badness 10000) in paragraph at lines 365--388

 []


Underfull \hbox (badness 10000) in paragraph at lines 365--388

 []


Underfull \hbox (badness 10000) in paragraph at lines 365--388

 []


Underfull \hbox (badness 10000) in paragraph at lines 365--388

 []


Underfull \hbox (badness 10000) in paragraph at lines 365--388

 []


Overfull \hbox (5.17915pt too wide) in paragraph at lines 365--388
\OMS/cmsy/b/n/12 f\OT1/cmr/bx/n/12 guitartab:[2;3]do [3;0]re [3;2]mi [3;3]fa $\
OMS/cmsy/m/n/12 j$\OT1/cmr/bx/n/12 [4;0]so [4;2]la [5;0]si [5;1]do$\OMS/cmsy/m/
n/12 j$\OMS/cmsy/b/n/12 g 
 []


Underfull \hbox (badness 10000) in paragraph at lines 365--388

 []


Underfull \hbox (badness 10000) in paragraph at lines 365--388

 []


Overfull \hbox (13.32501pt too wide) in paragraph at lines 365--388
\OMS/cmsy/b/n/12 f\OT1/cmr/bx/n/12 basstab:[2;5][2;5]$\OMS/cmsy/m/n/12 j$\OT1/c
mr/bx/n/12 [2;5][2;5]$\OMS/cmsy/m/n/12 j$\OT1/cmr/bx/n/12 [3;5][3;5]$\OMS/cmsy/
m/n/12 j$\OT1/cmr/bx/n/12 [2;5][2;5]$\OMS/cmsy/m/n/12 j$\OT1/cmr/bx/n/12 [3;7][
3;7]$\OMS/cmsy/m/n/12 j$\OT1/cmr/bx/n/12 [3;5][3;5]$\OMS/cmsy/m/n/12 j$\OT1/cmr
/bx/n/12 [2;5]\OMS/cmsy/b/n/12 g 
 []


Underfull \hbox (badness 10000) in paragraph at lines 365--388

 []


Underfull \hbox (badness 10000) in paragraph at lines 365--388

 []


Overfull \hbox (11.55823pt too wide) in paragraph at lines 365--388
\OMS/cmsy/b/n/12 f\OT1/cmr/bx/n/12 guitartab:[2;3]&[3;5]&[4;5]C (power chord) $
\OMS/cmsy/m/n/12 j$\OT1/cmr/bx/n/12 [2;3]&[3;2]&[4;0]&[5;1]C
 []


Underfull \hbox (badness 10000) in paragraph at lines 365--388

 []

[13]
Overfull \hbox (2.75983pt too wide) in paragraph at lines 390--393
\OT1/cmr/m/n/12 Mit der Di-rek-tive de-fine k^^?onnen Sie ein Akkord-Symbol am 
Ende eines St^^?uckes
 []


Underfull \hbox (badness 10000) in paragraph at lines 390--393

 []


Underfull \hbox (badness 10000) in paragraph at lines 401--406

 []


Underfull \hbox (badness 10000) in paragraph at lines 401--406

 []


Underfull \hbox (badness 10000) in paragraph at lines 407--412

 []


Underfull \hbox (badness 10000) in paragraph at lines 407--412

 []

[14]
Underfull \hbox (badness 10000) in paragraph at lines 413--419

 []


Underfull \hbox (badness 10000) in paragraph at lines 413--419

 []


Underfull \hbox (badness 10000) in paragraph at lines 420--438

 []


Underfull \hbox (badness 10000) in paragraph at lines 420--438

 []


Underfull \hbox (badness 10000) in paragraph at lines 440--457

 []


Underfull \hbox (badness 10000) in paragraph at lines 440--457

 []


Underfull \hbox (badness 10000) in paragraph at lines 440--457

 []


Underfull \hbox (badness 10000) in paragraph at lines 440--457

 []

[15] [16] (./GuitartTeX2-documentation_en.aux) ) 
Here is how much of TeX's memory you used:
 4039 strings out of 478994
 57614 string characters out of 5858184
 377111 words of memory out of 5000000
 21499 multiletter control sequences out of 15000+600000
 411163 words of font info for 54 fonts, out of 8000000 for 9000
 1141 hyphenation exceptions out of 8191
 68i,7n,74p,251b,262s stack positions out of 5000i,500n,10000p,200000b,80000s
{/usr/local/texlive/2021/texmf-
dist/fonts/enc/dvips/cm-super/cm-super-ts1.enc}</usr/local/texlive/2021/texmf-d
ist/fonts/type1/public/amsfonts/cm/cmbsy10.pfb></usr/local/texlive/2021/texmf-d
ist/fonts/type1/public/amsfonts/cm/cmbx10.pfb></usr/local/texlive/2021/texmf-di
st/fonts/type1/public/amsfonts/cm/cmbx12.pfb></usr/local/texlive/2021/texmf-dis
t/fonts/type1/public/amsfonts/cm/cmmi12.pfb></usr/local/texlive/2021/texmf-dist
/fonts/type1/public/amsfonts/cm/cmr10.pfb></usr/local/texlive/2021/texmf-dist/f
onts/type1/public/amsfonts/cm/cmr12.pfb></usr/local/texlive/2021/texmf-dist/fon
ts/type1/public/amsfonts/cm/cmr8.pfb></usr/local/texlive/2021/texmf-dist/fonts/
type1/public/amsfonts/cm/cmsy10.pfb></usr/local/texlive/2021/texmf-dist/fonts/t
ype1/public/cm-super/sfrm1200.pfb>
Output written on GuitartTeX2-documentation_en.pdf (16 pages, 150707 bytes).
PDF statistics:
 271 PDF objects out of 1000 (max. 8388607)
 162 compressed objects within 2 object streams
 0 named destinations out of 1000 (max. 500000)
 11 words of extra memory for PDF output out of 10000 (max. 10000000)

